<?xml version="1.0" encoding="UTF-8"?>
<!-- Generated by org.testng.reporters.JUnitReportReporter -->
<testsuite hostname="DESKTOP-RLSB6HV" failures="0" tests="1" name="com.Test.Practice_Test" time="10.883" errors="0" timestamp="2024-05-20T18:51:56 IST" skipped="0">
  <testcase classname="com.Test.Practice_Test" name="Setup" time="10.883"/>
</testsuite> <!-- com.Test.Practice_Test -->
