<?xml version="1.0" encoding="UTF-8"?>
<!-- Generated by org.testng.reporters.JUnitReportReporter -->
<testsuite hostname="DESKTOP-RLSB6HV" failures="0" tests="1" name="com.Test.Parametrization" time="1.747" errors="0" timestamp="2024-05-30T23:24:13 IST" skipped="0">
  <testcase classname="com.Test.Parametrization" name="read_excel_data" time="1.747"/>
</testsuite> <!-- com.Test.Parametrization -->
