<?xml version="1.0" encoding="UTF-8"?>
<!-- Generated by org.testng.reporters.JUnitReportReporter -->
<testsuite hostname="DESKTOP-RLSB6HV" failures="0" tests="1" name="com.Test.Find_links" time="8.172" errors="0" timestamp="2024-06-01T10:25:31 IST" skipped="0">
  <testcase classname="com.Test.Find_links" name="links" time="8.172"/>
</testsuite> <!-- com.Test.Find_links -->
