<?xml version="1.0" encoding="UTF-8"?>
<!-- Generated by org.testng.reporters.JUnitReportReporter -->
<testsuite hostname="DESKTOP-RLSB6HV" failures="0" tests="1" name="com.Test.Action_Class" time="21.991" errors="0" timestamp="2024-05-24T22:23:53 IST" skipped="0">
  <testcase classname="com.Test.Action_Class" name="actionClass" time="21.991"/>
</testsuite> <!-- com.Test.Action_Class -->
