<?xml version="1.0" encoding="UTF-8"?>
<!-- Generated by org.testng.reporters.JUnitReportReporter -->
<testsuite hostname="DESKTOP-RLSB6HV" failures="0" tests="1" name="com.practice.Find_links" time="48.193" errors="0" timestamp="2024-06-05T17:17:30 IST" skipped="0">
  <testcase classname="com.practice.Find_links" name="links" time="48.193"/>
</testsuite> <!-- com.practice.Find_links -->
