<?xml version="1.0" encoding="UTF-8"?>
<!-- Generated by org.testng.reporters.JUnitReportReporter -->
<testsuite hostname="DESKTOP-RLSB6HV" failures="0" tests="5" name="com.Test.LoginTest" time="18.597" errors="0" timestamp="2024-05-21T19:51:14 IST" skipped="0">
  <testcase classname="com.Test.LoginTest" name="setup" time="13.060"/>
  <testcase classname="com.Test.LoginTest" name="patient_Registration" time="4.322"/>
  <testcase classname="com.Test.LoginTest" name="name" time="0.525"/>
  <testcase classname="com.Test.LoginTest" name="gender" time="0.214"/>
  <testcase classname="com.Test.LoginTest" name="birthdate" time="0.476"/>
</testsuite> <!-- com.Test.LoginTest -->
