<?xml version="1.0" encoding="UTF-8"?>
<!-- Generated by org.testng.reporters.JUnitReportReporter -->
<testsuite hostname="DESKTOP-RLSB6HV" failures="0" tests="2" name="Pojo.BaseClass" time="8.497" errors="0" timestamp="2024-06-06T13:06:46 IST" skipped="0">
  <testcase classname="Pojo.BaseClass" name="Initialization" time="3.183"/>
  <testcase classname="Pojo.BaseClass" name="Openmrs" time="5.314"/>
</testsuite> <!-- Pojo.BaseClass -->
