<?xml version="1.0" encoding="UTF-8"?>
<!-- Generated by org.testng.reporters.JUnitReportReporter -->
<testsuite hostname="DESKTOP-RLSB6HV" failures="0" tests="1" name="com.Test.google_Autosuggestion" time="16.541" errors="0" timestamp="2024-05-23T16:52:09 IST" skipped="0">
  <testcase classname="com.Test.google_Autosuggestion" name="Autosuggestion" time="16.541"/>
</testsuite> <!-- com.Test.google_Autosuggestion -->
