<?xml version="1.0" encoding="UTF-8"?>
<!-- Generated by org.testng.reporters.JUnitReportReporter -->
<testsuite hostname="DESKTOP-RLSB6HV" failures="0" tests="4" name="com.Test.HomePageTest" time="10.688" errors="0" timestamp="2024-06-10T19:29:56 IST" skipped="0">
  <testcase classname="com.Test.HomePageTest" name="RegisterPatient" time="0.009"/>
  <testcase classname="com.Test.HomePageTest" name="findPatientRecord" time="8.547"/>
  <testcase classname="com.Test.HomePageTest" name="logout" time="2.123"/>
  <testcase classname="com.Test.HomePageTest" name="VerifyHeading" time="0.009"/>
</testsuite> <!-- com.Test.HomePageTest -->
